<?xml version="1.0" encoding="UTF-8"?>
<testng-results ignored="0" total="2" passed="2" failed="0" skipped="0">
  <reporter-output>
  </reporter-output>
  <suite started-at="2021-07-24T00:11:19 IST" name="Default suite" finished-at="2021-07-24T00:11:48 IST" duration-ms="28789">
    <groups>
    </groups>
    <test started-at="2021-07-24T00:11:19 IST" name="Default test" finished-at="2021-07-24T00:11:48 IST" duration-ms="28789">
      <class name="com.qa.tests.HomepageTest">
        <test-method is-config="true" signature="setup()[pri:0, instance:com.qa.tests.HomepageTest@865dd6]" started-at="2021-07-24T00:11:19 IST" name="setup" finished-at="2021-07-24T00:11:39 IST" duration-ms="19626" status="PASS">
          <reporter-output>
          </reporter-output>
        </test-method> <!-- setup -->
        <test-method signature="loginTest()[pri:0, instance:com.qa.tests.HomepageTest@865dd6]" started-at="2021-07-24T00:11:39 IST" name="loginTest" finished-at="2021-07-24T00:11:46 IST" duration-ms="6732" status="PASS">
          <reporter-output>
          </reporter-output>
        </test-method> <!-- loginTest -->
        <test-method signature="newCustomerCreationTest()[pri:0, instance:com.qa.tests.HomepageTest@865dd6]" started-at="2021-07-24T00:11:46 IST" name="newCustomerCreationTest" finished-at="2021-07-24T00:11:48 IST" duration-ms="2079" status="PASS">
          <reporter-output>
          </reporter-output>
        </test-method> <!-- newCustomerCreationTest -->
        <test-method is-config="true" signature="tearDown()[pri:0, instance:com.qa.tests.HomepageTest@865dd6]" started-at="2021-07-24T00:11:48 IST" name="tearDown" finished-at="2021-07-24T00:11:48 IST" duration-ms="289" status="PASS">
          <reporter-output>
          </reporter-output>
        </test-method> <!-- tearDown -->
      </class> <!-- com.qa.tests.HomepageTest -->
    </test> <!-- Default test -->
  </suite> <!-- Default suite -->
</testng-results>
