<?xml version="1.0" encoding="UTF-8"?>
<testng-results ignored="0" total="1" passed="1" failed="0" skipped="0">
  <reporter-output>
  </reporter-output>
  <suite started-at="2021-07-18T20:09:39 IST" name="Default suite" finished-at="2021-07-18T20:09:45 IST" duration-ms="5495">
    <groups>
    </groups>
    <test started-at="2021-07-18T20:09:39 IST" name="Default test" finished-at="2021-07-18T20:09:45 IST" duration-ms="5495">
      <class name="com.qa.tests.Logintest">
        <test-method is-config="true" signature="setup()[pri:0, instance:com.qa.tests.Logintest@1fb700ee]" started-at="2021-07-18T20:09:39 IST" name="setup" finished-at="2021-07-18T20:09:43 IST" duration-ms="3918" status="PASS">
          <reporter-output>
          </reporter-output>
        </test-method> <!-- setup -->
        <test-method signature="test()[pri:0, instance:com.qa.tests.Logintest@1fb700ee]" started-at="2021-07-18T20:09:43 IST" name="test" finished-at="2021-07-18T20:09:45 IST" duration-ms="1471" status="PASS">
          <reporter-output>
          </reporter-output>
        </test-method> <!-- test -->
        <test-method is-config="true" signature="tearDown()[pri:0, instance:com.qa.tests.Logintest@1fb700ee]" started-at="2021-07-18T20:09:45 IST" name="tearDown" finished-at="2021-07-18T20:09:45 IST" duration-ms="83" status="PASS">
          <reporter-output>
          </reporter-output>
        </test-method> <!-- tearDown -->
      </class> <!-- com.qa.tests.Logintest -->
    </test> <!-- Default test -->
  </suite> <!-- Default suite -->
</testng-results>
